$ prisma generate && next build
Prisma schema loaded from prisma\schema.prisma.

✔ Generated Prisma Client (v7.8.0) to .\..\..\node_modules\.pnpm\@prisma+client@7.8.0_prisma_12a6afd4e8168cdd815b06207f03ccf9\node_modules\@prisma\client in 217ms

Start by importing your Prisma Client (See: https://pris.ly/d/importing-client)


▲ Next.js 16.2.10 (Turbopack)
- Environments: .env

  Creating an optimized production build ...
✓ Compiled successfully in 13.0s
  Running TypeScript ...
  Finished TypeScript in 13.7s ...
  Collecting page data using 11 workers ...
  Generating static pages using 11 workers (0/14) ...
  Generating static pages using 11 workers (3/14) 
  Generating static pages using 11 workers (6/14) 
  Generating static pages using 11 workers (10/14) 
✓ Generating static pages using 11 workers (14/14) in 5.6s
  Finalizing page optimization ...

Route (app)
┌ ○ /
├ ○ /_not-found
├ ○ /about
├ ƒ /api/contact
├ ƒ /api/revalidate
├ ○ /apple-icon.png
├ ○ /brands
├ ○ /contact
├ ○ /icon.png
├ ƒ /products
├ ƒ /products/[slug]
├ ○ /robots.txt
└ ○ /sitemap.xml


○  (Static)   prerendered as static content
ƒ  (Dynamic)  server-rendered on demand

